\BOOKMARK [1][-]{section.1}{Introduction and review of existing methods}{}% 1
\BOOKMARK [2][-]{subsection.1.1}{Classification techniques}{section.1}% 2
\BOOKMARK [2][-]{subsection.1.2}{Pixel to pixel techniques using synthetic spectral libraries}{section.1}% 3
\BOOKMARK [2][-]{subsection.1.3}{Line fitting using spectral synthesis}{section.1}% 4
\BOOKMARK [2][-]{subsection.1.4}{Stellar parameter estimation in a utopia}{section.1}% 5
\BOOKMARK [1][-]{section.2}{General problems with the spectral library approach}{}% 6
\BOOKMARK [2][-]{subsection.2.1}{Classes of synthetic spectral line behavior}{section.2}% 7
\BOOKMARK [1][-]{section.3}{Instrumental effects and ``nuisance'' parameters in the limit of a perfect stellar model}{}% 8
\BOOKMARK [2][-]{subsection.3.1}{Applied to a Gaussian likelihood function}{section.3}% 9
\BOOKMARK [2][-]{subsection.3.2}{Nuisance parameters}{section.3}% 10
\BOOKMARK [2][-]{subsection.3.3}{Including Gaussian priors on nuisance parameters}{section.3}% 11
\BOOKMARK [2][-]{subsection.3.4}{Sampling a un-flux calibrated model}{section.3}% 12
\BOOKMARK [2][-]{subsection.3.5}{Hierarchical modelling}{section.3}% 13
\BOOKMARK [2][-]{subsection.3.6}{Sampling with emcee}{section.3}% 14
\BOOKMARK [1][-]{section.4}{Moving beyond a perfect stellar model}{}% 15
\BOOKMARK [2][-]{subsection.4.1}{Additional sources of noise beyond Poisson}{section.4}% 16
\BOOKMARK [2][-]{subsection.4.2}{Noise, Masking, Residuals, and Alternative likelihood functions}{section.4}% 17
\BOOKMARK [2][-]{subsection.4.3}{Masking}{section.4}% 18
\BOOKMARK [1][-]{section.5}{Gallery of likelihood functions}{}% 19
\BOOKMARK [2][-]{subsection.5.1}{Bad data model}{section.5}% 20
\BOOKMARK [2][-]{subsection.5.2}{Spatial correlations of pixels}{section.5}% 21
\BOOKMARK [2][-]{subsection.5.3}{Simple correlation between pixels}{section.5}% 22
\BOOKMARK [2][-]{subsection.5.4}{Correlation between yi}{section.5}% 23
\BOOKMARK [2][-]{subsection.5.5}{Different flags and weights}{section.5}% 24
\BOOKMARK [2][-]{subsection.5.6}{Hyperparameters}{section.5}% 25
\BOOKMARK [2][-]{subsection.5.7}{Sampling such a model}{section.5}% 26
\BOOKMARK [1][-]{section.6}{Injection of fake lines}{}% 27
\BOOKMARK [1][-]{section.7}{Validation tests}{}% 28
\BOOKMARK [1][-]{appendix.A}{Simplification for small c0 perturbations}{}% 29
